

Processing CoursesController#index (for 192.168.0.192 at 2008-03-07 20:34:29) [GET]
  Session ID: 2551b3a659368e2ced6fec8e0d98b7c1
  Parameters: {"action"=>"index", "controller"=>"courses"}
  [4;36;1mSQL (0.000731)[0m   [0;1mSET SQL_AUTO_IS_NULL=0[0m
Redirected to http://hera:3000/session/new
Filter chain halted as [#<ActionController::Filters::ClassMethods::SymbolFilter:0x213c638 @filter=:login_required>] rendered_or_redirected.
Completed in 0.00281 (355 reqs/sec) | DB: 0.00073 (26%) | 302 Found [http://hera/]


Processing SessionsController#new (for 192.168.0.192 at 2008-03-07 20:34:29) [GET]
  Session ID: BAh7BzoOcmV0dXJuX3RvIgYvIgpmbGFzaElDOidBY3Rpb25Db250cm9sbGVy%0AOjpGbGFzaDo6Rmxhc2hIYXNoewAGOgpAdXNlZHsA--261b2d46f51a45ed75b56ac38aaabab38e51c1f3
  Parameters: {"action"=>"new", "controller"=>"sessions"}
Rendering template within layouts/application
Rendering sessions/new
Completed in 0.00722 (138 reqs/sec) | Rendering: 0.00503 (69%) | DB: 0.00000 (0%) | 200 OK [http://hera/session/new]


Processing SessionsController#create (for 192.168.0.192 at 2008-03-07 20:34:40) [POST]
  Session ID: BAh7CDoOcmV0dXJuX3RvIgYvOgxjc3JmX2lkIiViMjJmNDM1MTFiMDNlZDJl%0AZjU3MTVjYTMyMjRjNzdiMiIKZmxhc2hJQzonQWN0aW9uQ29udHJvbGxlcjo6%0ARmxhc2g6OkZsYXNoSGFzaHsABjoKQHVzZWR7AA%3D%3D--d065acf810af3fcdcb058e305632f3f3fa738dbe
  Parameters: {"x"=>"76", "y"=>"18", "authenticity_token"=>"c7c39b923ed8dd62aa8a8a6996df8092c1d3de90", "action"=>"create", "controller"=>"sessions", "password"=>"j4s0nd80", "login"=>"jasondew"}
  [4;35;1mUser Load (0.061173)[0m   [0mSELECT * FROM `users` WHERE (login = 'jasondew' and activated_at IS NOT NULL) LIMIT 1[0m
  [4;36;1mUser Columns (0.002904)[0m   [0;1mSHOW FIELDS FROM `users`[0m
Rendering template within layouts/application
Rendering sessions/new
Completed in 0.07648 (13 reqs/sec) | Rendering: 0.00337 (4%) | DB: 0.06408 (83%) | 200 OK [http://hera/session]


Processing SessionsController#create (for 192.168.0.192 at 2008-03-07 20:34:47) [POST]
  Session ID: BAh7CToOcmV0dXJuX3RvIgYvOgl1c2VyMCIKZmxhc2hJQzonQWN0aW9uQ29u%0AdHJvbGxlcjo6Rmxhc2g6OkZsYXNoSGFzaHsGOgtub3RpY2UiQFVuYWJsZSB0%0AbyBsb2cgaW4uICBQbGVhc2UgY2hlY2sgeW91ciB1c2VybmFtZSBhbmQgcGFz%0Ac3dvcmQuBjoKQHVzZWR7BjsIVDoMY3NyZl9pZCIlYjIyZjQzNTExYjAzZWQy%0AZWY1NzE1Y2EzMjI0Yzc3YjI%3D--2368e135d4db4adc3425072f32a3ec0c2ddcc409
  Parameters: {"x"=>"0", "y"=>"0", "authenticity_token"=>"c7c39b923ed8dd62aa8a8a6996df8092c1d3de90", "action"=>"create", "controller"=>"sessions", "password"=>"password", "login"=>"jasondew"}
  [4;35;1mUser Load (0.000383)[0m   [0mSELECT * FROM `users` WHERE (login = 'jasondew' and activated_at IS NOT NULL) LIMIT 1[0m
  [4;36;1mUser Columns (0.001910)[0m   [0;1mSHOW FIELDS FROM `users`[0m
Redirected to http://hera:3000/
Completed in 0.00753 (132 reqs/sec) | DB: 0.00229 (30%) | 302 Found [http://hera/session]


Processing CoursesController#index (for 192.168.0.192 at 2008-03-07 20:34:47) [GET]
  Session ID: BAh7CToOcmV0dXJuX3RvMDoJdXNlcmkGOgxjc3JmX2lkIiViMjJmNDM1MTFi%0AMDNlZDJlZjU3MTVjYTMyMjRjNzdiMiIKZmxhc2hJQzonQWN0aW9uQ29udHJv%0AbGxlcjo6Rmxhc2g6OkZsYXNoSGFzaHsGOgtub3RpY2UiG0xvZ2dlZCBpbiBz%0AdWNjZXNzZnVsbHkGOgpAdXNlZHsGOwlU--9593476ebe0673afaf0abf51afbc74c439840d7d
  Parameters: {"action"=>"index", "controller"=>"courses"}
  [4;35;1mUser Columns (0.002003)[0m   [0mSHOW FIELDS FROM `users`[0m
  [4;36;1mUser Load (0.000331)[0m   [0;1mSELECT * FROM `users` WHERE (`users`.`id` = 1) LIMIT 1[0m
  [4;35;1mAudit Columns (0.050478)[0m   [0mSHOW FIELDS FROM `audits`[0m
  [4;36;1mSQL (0.000197)[0m   [0;1mBEGIN[0m
  [4;35;1mAudit Create (0.015272)[0m   [0mINSERT INTO `audits` (`url`, `method`, `params`, `ip`, `user_id`, `created_at`) VALUES('/', 'get', '{}', '192.168.0.192', 1, '2008-03-07 20:34:47')[0m
  [4;36;1mSQL (0.000797)[0m   [0;1mCOMMIT[0m
  [4;35;1mSQL (0.000581)[0m   [0mSHOW TABLES[0m
  [4;36;1mCourse Columns (0.026618)[0m   [0;1mSHOW FIELDS FROM `courses`[0m
  [4;35;1mCourse Load (0.000528)[0m   [0mSELECT * FROM `courses` [0m
Rendering template within layouts/application
Rendering courses/index
  [4;36;1mSQL (0.000715)[0m   [0;1mSELECT count(*) AS count_all FROM `users` WHERE (users.course_id = 1 AND (`users`.`instructor` = 0)) [0m
Completed in 0.13567 (7 reqs/sec) | Rendering: 0.01021 (7%) | DB: 0.09752 (71%) | 200 OK [http://hera/]


Processing CoursesController#show (for 192.168.0.192 at 2008-03-07 20:34:50) [GET]
  Session ID: BAh7CToOcmV0dXJuX3RvMDoJdXNlcmkGIgpmbGFzaElDOidBY3Rpb25Db250%0Acm9sbGVyOjpGbGFzaDo6Rmxhc2hIYXNoewAGOgpAdXNlZHsAOgxjc3JmX2lk%0AIiViMjJmNDM1MTFiMDNlZDJlZjU3MTVjYTMyMjRjNzdiMg%3D%3D--e022b465ba543b37d3290b405e0ae5d39e5f1845
  Parameters: {"action"=>"show", "id"=>"1", "controller"=>"courses"}
  [4;35;1mUser Columns (0.001950)[0m   [0mSHOW FIELDS FROM `users`[0m
  [4;36;1mUser Load (0.000259)[0m   [0;1mSELECT * FROM `users` WHERE (`users`.`id` = 1) LIMIT 1[0m
  [4;35;1mAudit Columns (0.001475)[0m   [0mSHOW FIELDS FROM `audits`[0m
  [4;36;1mSQL (0.000122)[0m   [0;1mBEGIN[0m
  [4;35;1mAudit Create (0.000219)[0m   [0mINSERT INTO `audits` (`url`, `method`, `params`, `ip`, `user_id`, `created_at`) VALUES('/courses/1', 'get', '{\"id\": \"1\"}', '192.168.0.192', 1, '2008-03-07 20:34:50')[0m
  [4;36;1mSQL (0.000625)[0m   [0;1mCOMMIT[0m
  [4;35;1mSQL (0.000432)[0m   [0mSHOW TABLES[0m
  [4;36;1mCourse Columns (0.001660)[0m   [0;1mSHOW FIELDS FROM `courses`[0m
  [4;35;1mCourse Load (0.000295)[0m   [0mSELECT * FROM `courses` WHERE (`courses`.`id` = 1) [0m
  [4;36;1mAnnouncement Load (0.001659)[0m   [0;1mSELECT * FROM `announcements` WHERE (announcements.course_id = 1) ORDER BY created_at desc LIMIT 5[0m
Rendering template within layouts/application
Rendering courses/show
Completed in 0.04826 (20 reqs/sec) | Rendering: 0.02089 (43%) | DB: 0.00870 (18%) | 200 OK [http://hera/courses/1]


Processing SessionsController#destroy (for 192.168.0.192 at 2008-03-07 20:35:12) [GET]
  Session ID: BAh7CToOcmV0dXJuX3RvMDoJdXNlcmkGOgxjc3JmX2lkIiViMjJmNDM1MTFi%0AMDNlZDJlZjU3MTVjYTMyMjRjNzdiMiIKZmxhc2hJQzonQWN0aW9uQ29udHJv%0AbGxlcjo6Rmxhc2g6OkZsYXNoSGFzaHsABjoKQHVzZWR7AA%3D%3D--fcad6b08762b6af6db3c449717273be437ec9b60
  Parameters: {"action"=>"destroy", "controller"=>"sessions"}
  [4;35;1mUser Columns (0.001943)[0m   [0mSHOW FIELDS FROM `users`[0m
  [4;36;1mUser Load (0.000285)[0m   [0;1mSELECT * FROM `users` WHERE (`users`.`id` = 1) LIMIT 1[0m
  [4;35;1mAudit Columns (0.001086)[0m   [0mSHOW FIELDS FROM `audits`[0m
  [4;36;1mSQL (0.000915)[0m   [0;1mBEGIN[0m
  [4;35;1mAudit Create (0.000186)[0m   [0mINSERT INTO `audits` (`url`, `method`, `params`, `ip`, `user_id`, `created_at`) VALUES('/logout', 'get', '{}', '192.168.0.192', 1, '2008-03-07 20:35:12')[0m
  [4;36;1mSQL (0.000567)[0m   [0;1mCOMMIT[0m
  [4;35;1mSQL (0.000131)[0m   [0mBEGIN[0m
  [4;36;1mUser Update (0.000430)[0m   [0;1mUPDATE `users` SET `created_at` = '2008-02-24 17:16:09', `login` = 'jasondew', `crypted_password` = 'ba1dd06bdf1ee22c70abe33a4a0b052c7c661652', `activated_at` = '2008-02-24 17:16:09', `remember_token_expires_at` = NULL, `activation_code` = NULL, `salt` = '9dda2a9304f2b20a2011d4fe07c14d005ce5d141', `last_name` = 'Dew', `course_id` = 1, `first_name` = 'Jason', `registration_code` = 'stat110f07', `remember_token` = NULL, `blackboard_username` = 'dew', `instructor` = 1, `email` = 'jason.dew@gmail.com', `updated_at` = '2008-03-07 20:35:12' WHERE `id` = 1[0m
  [4;35;1mSQL (0.000581)[0m   [0mCOMMIT[0m
Cookie set: auth_token=; path=/; expires=Thu, 01 Jan 1970 00:00:00 GMT
Redirected to http://hera:3000/login
Completed in 0.01778 (56 reqs/sec) | DB: 0.00612 (34%) | 302 Found [http://hera/logout]


Processing SessionsController#new (for 192.168.0.192 at 2008-03-07 20:35:12) [GET]
  Session ID: BAh7BiIKZmxhc2hJQzonQWN0aW9uQ29udHJvbGxlcjo6Rmxhc2g6OkZsYXNo%0ASGFzaHsGOgtub3RpY2UiHllvdSBoYXZlIGJlZW4gbG9nZ2VkIG91dC4GOgpA%0AdXNlZHsGOwZU--cdd5cb30515246d7ff61df99ccabc64febd902ea
  Parameters: {"action"=>"new", "controller"=>"sessions"}
Rendering template within layouts/application
Rendering sessions/new
Completed in 0.00414 (241 reqs/sec) | Rendering: 0.00194 (46%) | DB: 0.00000 (0%) | 200 OK [http://hera/login]


Processing SessionsController#create (for 192.168.0.192 at 2008-03-07 20:35:22) [POST]
  Session ID: BAh7BzoMY3NyZl9pZCIlYmUxZmM3ZjgxYzQxYmVkNDk4N2RjZDIzODhhOThi%0AN2QiCmZsYXNoSUM6J0FjdGlvbkNvbnRyb2xsZXI6OkZsYXNoOjpGbGFzaEhh%0Ac2h7AAY6CkB1c2VkewA%3D--ac60e636d6b3c6646e64d2bb61631ff5241b0110
  Parameters: {"x"=>"0", "y"=>"0", "authenticity_token"=>"f92352f3bfb9a6236fb2bd0b4517199c518efb49", "action"=>"create", "controller"=>"sessions", "password"=>"password", "login"=>"jasondew"}
  [4;36;1mUser Load (0.000360)[0m   [0;1mSELECT * FROM `users` WHERE (login = 'jasondew' and activated_at IS NOT NULL) LIMIT 1[0m
  [4;35;1mUser Columns (0.001923)[0m   [0mSHOW FIELDS FROM `users`[0m
Redirected to http://hera:3000/courses
Completed in 0.00736 (135 reqs/sec) | DB: 0.00228 (31%) | 302 Found [http://hera/session]


Processing CoursesController#index (for 192.168.0.192 at 2008-03-07 20:35:22) [GET]
  Session ID: BAh7CToOcmV0dXJuX3RvMDoJdXNlcmkGIgpmbGFzaElDOidBY3Rpb25Db250%0Acm9sbGVyOjpGbGFzaDo6Rmxhc2hIYXNoewY6C25vdGljZSIbTG9nZ2VkIGlu%0AIHN1Y2Nlc3NmdWxseQY6CkB1c2VkewY7CFQ6DGNzcmZfaWQiJWJlMWZjN2Y4%0AMWM0MWJlZDQ5ODdkY2QyMzg4YTk4Yjdk--e936b78032e5f5d276be6db88cd5c0f9cdd27544
  Parameters: {"action"=>"index", "controller"=>"courses"}
  [4;36;1mUser Columns (0.001940)[0m   [0;1mSHOW FIELDS FROM `users`[0m
  [4;35;1mUser Load (0.000296)[0m   [0mSELECT * FROM `users` WHERE (`users`.`id` = 1) LIMIT 1[0m
  [4;36;1mAudit Columns (0.001704)[0m   [0;1mSHOW FIELDS FROM `audits`[0m
  [4;35;1mSQL (0.000124)[0m   [0mBEGIN[0m
  [4;36;1mAudit Create (0.000217)[0m   [0;1mINSERT INTO `audits` (`url`, `method`, `params`, `ip`, `user_id`, `created_at`) VALUES('/courses', 'get', '{}', '192.168.0.192', 1, '2008-03-07 20:35:22')[0m
  [4;35;1mSQL (0.000513)[0m   [0mCOMMIT[0m
  [4;36;1mSQL (0.000477)[0m   [0;1mSHOW TABLES[0m
  [4;35;1mCourse Columns (0.001626)[0m   [0mSHOW FIELDS FROM `courses`[0m
  [4;36;1mCourse Load (0.000253)[0m   [0;1mSELECT * FROM `courses` [0m
Rendering template within layouts/application
Rendering courses/index
  [4;35;1mSQL (0.000351)[0m   [0mSELECT count(*) AS count_all FROM `users` WHERE (users.course_id = 1 AND (`users`.`instructor` = 0)) [0m
Completed in 0.08367 (11 reqs/sec) | Rendering: 0.00651 (7%) | DB: 0.00750 (8%) | 200 OK [http://hera/courses]


Processing SessionsController#destroy (for 192.168.0.192 at 2008-03-07 20:35:24) [GET]
  Session ID: BAh7CToOcmV0dXJuX3RvMDoJdXNlcmkGOgxjc3JmX2lkIiViZTFmYzdmODFj%0ANDFiZWQ0OTg3ZGNkMjM4OGE5OGI3ZCIKZmxhc2hJQzonQWN0aW9uQ29udHJv%0AbGxlcjo6Rmxhc2g6OkZsYXNoSGFzaHsABjoKQHVzZWR7AA%3D%3D--948a156efdcf92add0f0e862121cf5d938c7ab8e
  Parameters: {"action"=>"destroy", "controller"=>"sessions"}
  [4;36;1mUser Columns (0.001974)[0m   [0;1mSHOW FIELDS FROM `users`[0m
  [4;35;1mUser Load (0.000259)[0m   [0mSELECT * FROM `users` WHERE (`users`.`id` = 1) LIMIT 1[0m
  [4;36;1mAudit Columns (0.001483)[0m   [0;1mSHOW FIELDS FROM `audits`[0m
  [4;35;1mSQL (0.000121)[0m   [0mBEGIN[0m
  [4;36;1mAudit Create (0.000207)[0m   [0;1mINSERT INTO `audits` (`url`, `method`, `params`, `ip`, `user_id`, `created_at`) VALUES('/logout', 'get', '{}', '192.168.0.192', 1, '2008-03-07 20:35:24')[0m
  [4;35;1mSQL (0.000571)[0m   [0mCOMMIT[0m
  [4;36;1mSQL (0.000128)[0m   [0;1mBEGIN[0m
  [4;35;1mUser Update (0.000282)[0m   [0mUPDATE `users` SET `created_at` = '2008-02-24 17:16:09', `login` = 'jasondew', `crypted_password` = 'ba1dd06bdf1ee22c70abe33a4a0b052c7c661652', `activated_at` = '2008-02-24 17:16:09', `remember_token_expires_at` = NULL, `activation_code` = NULL, `salt` = '9dda2a9304f2b20a2011d4fe07c14d005ce5d141', `last_name` = 'Dew', `course_id` = 1, `first_name` = 'Jason', `registration_code` = 'stat110f07', `remember_token` = NULL, `blackboard_username` = 'dew', `instructor` = 1, `email` = 'jason.dew@gmail.com', `updated_at` = '2008-03-07 20:35:24' WHERE `id` = 1[0m
  [4;36;1mSQL (0.000635)[0m   [0;1mCOMMIT[0m
Cookie set: auth_token=; path=/; expires=Thu, 01 Jan 1970 00:00:00 GMT
Redirected to http://hera:3000/login
Completed in 0.01733 (57 reqs/sec) | DB: 0.00566 (32%) | 302 Found [http://hera/logout]


Processing SessionsController#new (for 192.168.0.192 at 2008-03-07 20:35:24) [GET]
  Session ID: BAh7BiIKZmxhc2hJQzonQWN0aW9uQ29udHJvbGxlcjo6Rmxhc2g6OkZsYXNo%0ASGFzaHsGOgtub3RpY2UiHllvdSBoYXZlIGJlZW4gbG9nZ2VkIG91dC4GOgpA%0AdXNlZHsGOwZU--cdd5cb30515246d7ff61df99ccabc64febd902ea
  Parameters: {"action"=>"new", "controller"=>"sessions"}
Rendering template within layouts/application
Rendering sessions/new
Completed in 0.00388 (257 reqs/sec) | Rendering: 0.00181 (46%) | DB: 0.00000 (0%) | 200 OK [http://hera/login]


Processing SessionsController#create (for 192.168.0.192 at 2008-03-07 20:35:28) [POST]
  Session ID: BAh7BzoMY3NyZl9pZCIlMjUwM2Y0YWE5YTI0MTUwYjAyM2NkMzRmNzRmMjk1%0ANmUiCmZsYXNoSUM6J0FjdGlvbkNvbnRyb2xsZXI6OkZsYXNoOjpGbGFzaEhh%0Ac2h7AAY6CkB1c2VkewA%3D--5818a06199506b69c4b82a5f1975c9e49f4917b4
  Parameters: {"x"=>"86", "y"=>"10", "authenticity_token"=>"5cc4d1eb94a622a741575fd3a567f28019e017f5", "action"=>"create", "controller"=>"sessions", "password"=>"asdf", "login"=>"asdf"}
  [4;35;1mUser Load (0.000369)[0m   [0mSELECT * FROM `users` WHERE (login = 'asdf' and activated_at IS NOT NULL) LIMIT 1[0m
Rendering template within layouts/application
Rendering sessions/new
Completed in 0.00503 (198 reqs/sec) | Rendering: 0.00191 (37%) | DB: 0.00037 (7%) | 200 OK [http://hera/session]


Processing SessionsController#create (for 192.168.0.192 at 2008-03-07 20:37:07) [POST]
  Session ID: BAh7CDoJdXNlcjAiCmZsYXNoSUM6J0FjdGlvbkNvbnRyb2xsZXI6OkZsYXNo%0AOjpGbGFzaEhhc2h7BjoLbm90aWNlIkBVbmFibGUgdG8gbG9nIGluLiAgUGxl%0AYXNlIGNoZWNrIHlvdXIgdXNlcm5hbWUgYW5kIHBhc3N3b3JkLgY6CkB1c2Vk%0AewY7B1Q6DGNzcmZfaWQiJTI1MDNmNGFhOWEyNDE1MGIwMjNjZDM0Zjc0ZjI5%0ANTZl--6f5685b8f0f67423cb8cc9aa9e0035fac7c681cb
  Parameters: {"x"=>"86", "y"=>"10", "authenticity_token"=>"5cc4d1eb94a622a741575fd3a567f28019e017f5", "action"=>"create", "controller"=>"sessions", "password"=>"asdf", "login"=>"asdf"}
  [4;36;1mUser Load (0.000371)[0m   [0;1mSELECT * FROM `users` WHERE (login = 'asdf' and activated_at IS NOT NULL) LIMIT 1[0m
Rendering template within layouts/application
Rendering sessions/new
Completed in 0.00653 (153 reqs/sec) | Rendering: 0.00341 (52%) | DB: 0.00037 (5%) | 200 OK [http://hera/session]


Processing SessionsController#create (for 192.168.0.192 at 2008-03-07 20:44:10) [POST]
  Session ID: BAh7CDoJdXNlcjA6DGNzcmZfaWQiJTI1MDNmNGFhOWEyNDE1MGIwMjNjZDM0%0AZjc0ZjI5NTZlIgpmbGFzaElDOidBY3Rpb25Db250cm9sbGVyOjpGbGFzaDo6%0ARmxhc2hIYXNoewY6C25vdGljZSJAVW5hYmxlIHRvIGxvZyBpbi4gIFBsZWFz%0AZSBjaGVjayB5b3VyIHVzZXJuYW1lIGFuZCBwYXNzd29yZC4GOgpAdXNlZHsG%0AOwhU--93ed8e65869eb97094f00f5143e03d22b2cb93dc
  Parameters: {"x"=>"86", "y"=>"10", "authenticity_token"=>"5cc4d1eb94a622a741575fd3a567f28019e017f5", "action"=>"create", "controller"=>"sessions", "password"=>"asdf", "login"=>"asdf"}
  [4;35;1mUser Load (0.000372)[0m   [0mSELECT * FROM `users` WHERE (login = 'asdf' and activated_at IS NOT NULL) LIMIT 1[0m
Rendering template within layouts/application
Rendering sessions/new
Completed in 0.00525 (190 reqs/sec) | Rendering: 0.00199 (37%) | DB: 0.00037 (7%) | 200 OK [http://hera/session]


Processing SessionsController#create (for 192.168.0.192 at 2008-03-07 20:48:16) [POST]
  Session ID: BAh7CDoJdXNlcjAiCmZsYXNoSUM6J0FjdGlvbkNvbnRyb2xsZXI6OkZsYXNo%0AOjpGbGFzaEhhc2h7BjoLbm90aWNlIkBVbmFibGUgdG8gbG9nIGluLiAgUGxl%0AYXNlIGNoZWNrIHlvdXIgdXNlcm5hbWUgYW5kIHBhc3N3b3JkLgY6CkB1c2Vk%0AewY7B1Q6DGNzcmZfaWQiJTI1MDNmNGFhOWEyNDE1MGIwMjNjZDM0Zjc0ZjI5%0ANTZl--6f5685b8f0f67423cb8cc9aa9e0035fac7c681cb
  Parameters: {"x"=>"86", "y"=>"10", "authenticity_token"=>"5cc4d1eb94a622a741575fd3a567f28019e017f5", "action"=>"create", "controller"=>"sessions", "password"=>"asdf", "login"=>"asdf"}
  [4;36;1mUser Load (0.000369)[0m   [0;1mSELECT * FROM `users` WHERE (login = 'asdf' and activated_at IS NOT NULL) LIMIT 1[0m
Rendering template within layouts/application
Rendering sessions/new
Completed in 0.00492 (203 reqs/sec) | Rendering: 0.00183 (37%) | DB: 0.00037 (7%) | 200 OK [http://hera/session]


Processing SessionsController#create (for 192.168.0.192 at 2008-03-07 20:48:38) [POST]
  Session ID: BAh7CDoJdXNlcjA6DGNzcmZfaWQiJTI1MDNmNGFhOWEyNDE1MGIwMjNjZDM0%0AZjc0ZjI5NTZlIgpmbGFzaElDOidBY3Rpb25Db250cm9sbGVyOjpGbGFzaDo6%0ARmxhc2hIYXNoewY6C25vdGljZSJAVW5hYmxlIHRvIGxvZyBpbi4gIFBsZWFz%0AZSBjaGVjayB5b3VyIHVzZXJuYW1lIGFuZCBwYXNzd29yZC4GOgpAdXNlZHsG%0AOwhU--93ed8e65869eb97094f00f5143e03d22b2cb93dc
  Parameters: {"x"=>"86", "y"=>"10", "authenticity_token"=>"5cc4d1eb94a622a741575fd3a567f28019e017f5", "action"=>"create", "controller"=>"sessions", "password"=>"asdf", "login"=>"asdf"}
  [4;35;1mUser Load (0.000391)[0m   [0mSELECT * FROM `users` WHERE (login = 'asdf' and activated_at IS NOT NULL) LIMIT 1[0m
Rendering template within layouts/application
Rendering sessions/new
Completed in 0.05834 (17 reqs/sec) | Rendering: 0.00205 (3%) | DB: 0.00039 (0%) | 200 OK [http://hera/session]


Processing SessionsController#create (for 192.168.0.192 at 2008-03-07 20:49:29) [POST]
  Session ID: BAh7CDoJdXNlcjAiCmZsYXNoSUM6J0FjdGlvbkNvbnRyb2xsZXI6OkZsYXNo%0AOjpGbGFzaEhhc2h7BjoLbm90aWNlIkBVbmFibGUgdG8gbG9nIGluLiAgUGxl%0AYXNlIGNoZWNrIHlvdXIgdXNlcm5hbWUgYW5kIHBhc3N3b3JkLgY6CkB1c2Vk%0AewY7B1Q6DGNzcmZfaWQiJTI1MDNmNGFhOWEyNDE1MGIwMjNjZDM0Zjc0ZjI5%0ANTZl--6f5685b8f0f67423cb8cc9aa9e0035fac7c681cb
  Parameters: {"x"=>"86", "y"=>"10", "authenticity_token"=>"5cc4d1eb94a622a741575fd3a567f28019e017f5", "action"=>"create", "controller"=>"sessions", "password"=>"asdf", "login"=>"asdf"}
  [4;36;1mUser Load (0.000369)[0m   [0;1mSELECT * FROM `users` WHERE (login = 'asdf' and activated_at IS NOT NULL) LIMIT 1[0m
Rendering template within layouts/application
Rendering sessions/new
Completed in 0.00510 (196 reqs/sec) | Rendering: 0.00193 (37%) | DB: 0.00037 (7%) | 200 OK [http://hera/session]


Processing SessionsController#create (for 192.168.0.192 at 2008-03-07 20:50:19) [POST]
  Session ID: BAh7CDoJdXNlcjA6DGNzcmZfaWQiJTI1MDNmNGFhOWEyNDE1MGIwMjNjZDM0%0AZjc0ZjI5NTZlIgpmbGFzaElDOidBY3Rpb25Db250cm9sbGVyOjpGbGFzaDo6%0ARmxhc2hIYXNoewY6C25vdGljZSJAVW5hYmxlIHRvIGxvZyBpbi4gIFBsZWFz%0AZSBjaGVjayB5b3VyIHVzZXJuYW1lIGFuZCBwYXNzd29yZC4GOgpAdXNlZHsG%0AOwhU--93ed8e65869eb97094f00f5143e03d22b2cb93dc
  Parameters: {"x"=>"86", "y"=>"10", "authenticity_token"=>"5cc4d1eb94a622a741575fd3a567f28019e017f5", "action"=>"create", "controller"=>"sessions", "password"=>"asdf", "login"=>"asdf"}
  [4;35;1mUser Load (0.000369)[0m   [0mSELECT * FROM `users` WHERE (login = 'asdf' and activated_at IS NOT NULL) LIMIT 1[0m
Rendering template within layouts/application
Rendering sessions/new
Completed in 0.00501 (199 reqs/sec) | Rendering: 0.00187 (37%) | DB: 0.00037 (7%) | 200 OK [http://hera/session]


Processing SessionsController#create (for 192.168.0.192 at 2008-03-07 20:51:28) [POST]
  Session ID: BAh7CDoJdXNlcjAiCmZsYXNoSUM6J0FjdGlvbkNvbnRyb2xsZXI6OkZsYXNo%0AOjpGbGFzaEhhc2h7BjoLbm90aWNlIkBVbmFibGUgdG8gbG9nIGluLiAgUGxl%0AYXNlIGNoZWNrIHlvdXIgdXNlcm5hbWUgYW5kIHBhc3N3b3JkLgY6CkB1c2Vk%0AewY7B1Q6DGNzcmZfaWQiJTI1MDNmNGFhOWEyNDE1MGIwMjNjZDM0Zjc0ZjI5%0ANTZl--6f5685b8f0f67423cb8cc9aa9e0035fac7c681cb
  Parameters: {"x"=>"86", "y"=>"10", "authenticity_token"=>"5cc4d1eb94a622a741575fd3a567f28019e017f5", "action"=>"create", "controller"=>"sessions", "password"=>"asdf", "login"=>"asdf"}
  [4;36;1mUser Load (0.000376)[0m   [0;1mSELECT * FROM `users` WHERE (login = 'asdf' and activated_at IS NOT NULL) LIMIT 1[0m
Rendering template within layouts/application
Rendering sessions/new
Completed in 0.00505 (198 reqs/sec) | Rendering: 0.00191 (37%) | DB: 0.00038 (7%) | 200 OK [http://hera/session]


Processing SessionsController#create (for 192.168.0.192 at 2008-03-07 21:09:47) [POST]
  Session ID: BAh7CDoJdXNlcjA6DGNzcmZfaWQiJTI1MDNmNGFhOWEyNDE1MGIwMjNjZDM0%0AZjc0ZjI5NTZlIgpmbGFzaElDOidBY3Rpb25Db250cm9sbGVyOjpGbGFzaDo6%0ARmxhc2hIYXNoewY6C25vdGljZSJAVW5hYmxlIHRvIGxvZyBpbi4gIFBsZWFz%0AZSBjaGVjayB5b3VyIHVzZXJuYW1lIGFuZCBwYXNzd29yZC4GOgpAdXNlZHsG%0AOwhU--93ed8e65869eb97094f00f5143e03d22b2cb93dc
  Parameters: {"x"=>"86", "y"=>"10", "authenticity_token"=>"5cc4d1eb94a622a741575fd3a567f28019e017f5", "action"=>"create", "controller"=>"sessions", "password"=>"asdf", "login"=>"asdf"}
  [4;35;1mUser Load (0.000352)[0m   [0mSELECT * FROM `users` WHERE (login = 'asdf' and activated_at IS NOT NULL) LIMIT 1[0m
Rendering template within layouts/application
Rendering sessions/new
Completed in 0.00501 (199 reqs/sec) | Rendering: 0.00189 (37%) | DB: 0.00035 (7%) | 200 OK [http://hera/session]


Processing SessionsController#create (for 192.168.0.192 at 2008-03-07 21:10:45) [POST]
  Session ID: BAh7CDoJdXNlcjAiCmZsYXNoSUM6J0FjdGlvbkNvbnRyb2xsZXI6OkZsYXNo%0AOjpGbGFzaEhhc2h7BjoLbm90aWNlIkBVbmFibGUgdG8gbG9nIGluLiAgUGxl%0AYXNlIGNoZWNrIHlvdXIgdXNlcm5hbWUgYW5kIHBhc3N3b3JkLgY6CkB1c2Vk%0AewY7B1Q6DGNzcmZfaWQiJTI1MDNmNGFhOWEyNDE1MGIwMjNjZDM0Zjc0ZjI5%0ANTZl--6f5685b8f0f67423cb8cc9aa9e0035fac7c681cb
  Parameters: {"x"=>"86", "y"=>"10", "authenticity_token"=>"5cc4d1eb94a622a741575fd3a567f28019e017f5", "action"=>"create", "controller"=>"sessions", "password"=>"asdf", "login"=>"asdf"}
  [4;36;1mUser Load (0.000388)[0m   [0;1mSELECT * FROM `users` WHERE (login = 'asdf' and activated_at IS NOT NULL) LIMIT 1[0m
Rendering template within layouts/application
Rendering sessions/new
Completed in 0.00518 (193 reqs/sec) | Rendering: 0.00197 (37%) | DB: 0.00039 (7%) | 200 OK [http://hera/session]


Processing SessionsController#create (for 192.168.0.192 at 2008-03-07 21:12:20) [POST]
  Session ID: BAh7CDoJdXNlcjA6DGNzcmZfaWQiJTI1MDNmNGFhOWEyNDE1MGIwMjNjZDM0%0AZjc0ZjI5NTZlIgpmbGFzaElDOidBY3Rpb25Db250cm9sbGVyOjpGbGFzaDo6%0ARmxhc2hIYXNoewY6C25vdGljZSJAVW5hYmxlIHRvIGxvZyBpbi4gIFBsZWFz%0AZSBjaGVjayB5b3VyIHVzZXJuYW1lIGFuZCBwYXNzd29yZC4GOgpAdXNlZHsG%0AOwhU--93ed8e65869eb97094f00f5143e03d22b2cb93dc
  Parameters: {"x"=>"86", "y"=>"10", "authenticity_token"=>"5cc4d1eb94a622a741575fd3a567f28019e017f5", "action"=>"create", "controller"=>"sessions", "password"=>"asdf", "login"=>"asdf"}
  [4;35;1mUser Load (0.000396)[0m   [0mSELECT * FROM `users` WHERE (login = 'asdf' and activated_at IS NOT NULL) LIMIT 1[0m
Rendering template within layouts/application
Rendering sessions/new
Completed in 0.00504 (198 reqs/sec) | Rendering: 0.00188 (37%) | DB: 0.00040 (7%) | 200 OK [http://hera/session]


Processing SessionsController#create (for 192.168.0.192 at 2008-03-07 21:12:41) [POST]
  Session ID: BAh7CDoJdXNlcjAiCmZsYXNoSUM6J0FjdGlvbkNvbnRyb2xsZXI6OkZsYXNo%0AOjpGbGFzaEhhc2h7BjoLbm90aWNlIkBVbmFibGUgdG8gbG9nIGluLiAgUGxl%0AYXNlIGNoZWNrIHlvdXIgdXNlcm5hbWUgYW5kIHBhc3N3b3JkLgY6CkB1c2Vk%0AewY7B1Q6DGNzcmZfaWQiJTI1MDNmNGFhOWEyNDE1MGIwMjNjZDM0Zjc0ZjI5%0ANTZl--6f5685b8f0f67423cb8cc9aa9e0035fac7c681cb
  Parameters: {"x"=>"86", "y"=>"10", "authenticity_token"=>"5cc4d1eb94a622a741575fd3a567f28019e017f5", "action"=>"create", "controller"=>"sessions", "password"=>"asdf", "login"=>"asdf"}
  [4;36;1mSQL (0.000376)[0m   [0;1mSET SQL_AUTO_IS_NULL=0[0m
  [4;35;1mUser Load (0.000473)[0m   [0mSELECT * FROM `users` WHERE (login = 'asdf' and activated_at IS NOT NULL) LIMIT 1[0m
Rendering template within layouts/application
Rendering sessions/new
Completed in 0.00882 (113 reqs/sec) | Rendering: 0.00504 (57%) | DB: 0.00085 (9%) | 200 OK [http://hera/session]
